2026-03-16 05:05:49.375 | INFO     | __main__:setup_logging:48 - Starting recon phase with run_id: e6950bb7-6eed-45aa-aa29-46eef9d0ee2d
2026-03-16 05:05:51.597 | INFO     | cyberAI.utils.browser:initialize:82 - Browser pool initialized
2026-03-16 05:05:51.600 | INFO     | cyberAI.recon.core_discovery:crawl:426 - Starting crawl from https://example.com (role: None)
2026-03-16 05:05:51.647 | DEBUG    | cyberAI.utils.browser:get_browser_context:170 - Created browser context for role: None
2026-03-16 05:05:51.851 | INFO     | cyberAI.recon.core_discovery:crawl:450 - Crawling [0]: https://example.com
2026-03-16 05:05:54.591 | DEBUG    | cyberAI.utils.browser:take_screenshot:307 - Screenshot saved: outputs/recon/screenshots/home_0.png
2026-03-16 05:05:54.597 | DEBUG    | cyberAI.utils.browser:dump_dom:329 - DOM snapshot saved: outputs/recon/dom_snapshots/home_0.html
2026-03-16 05:05:54.816 | INFO     | cyberAI.recon.core_discovery:crawl:466 - Crawl complete. Discovered 1 routes.
2026-03-16 05:05:54.869 | INFO     | cyberAI.recon.core_discovery:save_routes:548 - Saved 1 routes to outputs/recon/intelligence/routes.json
2026-03-16 05:05:54.869 | INFO     | cyberAI.recon.sensitive_surfaces:probe_all_paths:354 - Probing 136 sensitive paths...
2026-03-16 05:05:55.074 | DEBUG    | cyberAI.recon.sensitive_surfaces:probe_path:334 - Error probing /admin: AsyncClient.__init__() got an unexpected keyword argument 'proxies'
2026-03-16 05:05:55.275 | DEBUG    | cyberAI.recon.sensitive_surfaces:probe_path:334 - Error probing /billing/: AsyncClient.__init__() got an unexpected keyword argument 'proxies'
2026-03-16 05:05:55.276 | DEBUG    | cyberAI.recon.sensitive_surfaces:probe_path:334 - Error probing /export: AsyncClient.__init__() got an unexpected keyword argument 'proxies'
2026-03-16 05:05:55.276 | DEBUG    | cyberAI.recon.sensitive_surfaces:probe_path:334 - Error probing /exports: AsyncClient.__init__() got an unexpected keyword argument 'proxies'
2026-03-16 05:05:55.276 | DEBUG    | cyberAI.recon.sensitive_surfaces:probe_path:334 - Error probing /import: AsyncClient.__init__() got an unexpected keyword argument 'proxies'
2026-03-16 05:05:55.276 | DEBUG    | cyberAI.recon.sensitive_surfaces:probe_path:334 - Error probing /billing: AsyncClient.__init__() got an unexpected keyword argument 'proxies'
2026-03-16 05:05:55.276 | DEBUG    | cyberAI.recon.sensitive_surfaces:probe_path:334 - Error probing /internal/: AsyncClient.__init__() got an unexpected keyword argument 'proxies'
2026-03-16 05:05:55.276 | DEBUG    | cyberAI.recon.sensitive_surfaces:probe_path:334 - Error probing /internal: AsyncClient.__init__() got an unexpected keyword argument 'proxies'
2026-03-16 05:05:55.276 | DEBUG    | cyberAI.recon.sensitive_surfaces:probe_path:334 - Error probing /administrator: AsyncClient.__init__() got an unexpected keyword argument 'proxies'
2026-03-16 05:05:55.276 | DEBUG    | cyberAI.recon.sensitive_surfaces:probe_path:334 - Error probing /admin/: AsyncClient.__init__() got an unexpected keyword argument 'proxies'
2026-03-16 05:05:55.478 | DEBUG    | cyberAI.recon.sensitive_surfaces:probe_path:334 - Error probing /imports: AsyncClient.__init__() got an unexpected keyword argument 'proxies'
2026-03-16 05:05:55.679 | DEBUG    | cyberAI.recon.sensitive_surfaces:probe_path:334 - Error probing /audit/logs: AsyncClient.__init__() got an unexpected keyword argument 'proxies'
2026-03-16 05:05:55.679 | DEBUG    | cyberAI.recon.sensitive_surfaces:probe_path:334 - Error probing /graphql/playground: AsyncClient.__init__() got an unexpected keyword argument 'proxies'
2026-03-16 05:05:55.680 | DEBUG    | cyberAI.recon.sensitive_surfaces:probe_path:334 - Error probing /graphql: AsyncClient.__init__() got an unexpected keyword argument 'proxies'
2026-03-16 05:05:55.680 | DEBUG    | cyberAI.recon.sensitive_surfaces:probe_path:334 - Error probing /audit-logs: AsyncClient.__init__() got an unexpected keyword argument 'proxies'
2026-03-16 05:05:55.680 | DEBUG    | cyberAI.recon.sensitive_surfaces:probe_path:334 - Error probing /graphql/: AsyncClient.__init__() got an unexpected keyword argument 'proxies'
2026-03-16 05:05:55.680 | DEBUG    | cyberAI.recon.sensitive_surfaces:probe_path:334 - Error probing /audit: AsyncClient.__init__() got an unexpected keyword argument 'proxies'
2026-03-16 05:05:55.680 | DEBUG    | cyberAI.recon.sensitive_surfaces:probe_path:334 - Error probing /api/tokens: AsyncClient.__init__() got an unexpected keyword argument 'proxies'
2026-03-16 05:05:55.681 | DEBUG    | cyberAI.recon.sensitive_surfaces:probe_path:334 - Error probing /api-tokens: AsyncClient.__init__() got an unexpected keyword argument 'proxies'
2026-03-16 05:05:55.681 | DEBUG    | cyberAI.recon.sensitive_surfaces:probe_path:334 - Error probing /tokens: AsyncClient.__init__() got an unexpected keyword argument 'proxies'
2026-03-16 05:05:55.882 | DEBUG    | cyberAI.recon.sensitive_surfaces:probe_path:334 - Error probing /graphiql: AsyncClient.__init__() got an unexpected keyword argument 'proxies'
2026-03-16 05:05:56.083 | DEBUG    | cyberAI.recon.sensitive_surfaces:probe_path:334 - Error probing /api-docs: AsyncClient.__init__() got an unexpected keyword argument 'proxies'
2026-03-16 05:05:56.085 | DEBUG    | cyberAI.recon.sensitive_surfaces:probe_path:334 - Error probing /swagger-ui/: AsyncClient.__init__() got an unexpected keyword argument 'proxies'
2026-03-16 05:05:56.085 | DEBUG    | cyberAI.recon.sensitive_surfaces:probe_path:334 - Error probing /api/docs: AsyncClient.__init__() got an unexpected keyword argument 'proxies'
2026-03-16 05:05:56.085 | DEBUG    | cyberAI.recon.sensitive_surfaces:probe_path:334 - Error probing /swagger-ui.html: AsyncClient.__init__() got an unexpected keyword argument 'proxies'
2026-03-16 05:05:56.085 | DEBUG    | cyberAI.recon.sensitive_surfaces:probe_path:334 - Error probing /openapi.yaml: AsyncClient.__init__() got an unexpected keyword argument 'proxies'
2026-03-16 05:05:56.085 | DEBUG    | cyberAI.recon.sensitive_surfaces:probe_path:334 - Error probing /swagger-ui: AsyncClient.__init__() got an unexpected keyword argument 'proxies'
2026-03-16 05:05:56.085 | DEBUG    | cyberAI.recon.sensitive_surfaces:probe_path:334 - Error probing /swagger/: AsyncClient.__init__() got an unexpected keyword argument 'proxies'
2026-03-16 05:05:56.086 | DEBUG    | cyberAI.recon.sensitive_surfaces:probe_path:334 - Error probing /openapi.json: AsyncClient.__init__() got an unexpected keyword argument 'proxies'
2026-03-16 05:05:56.086 | DEBUG    | cyberAI.recon.sensitive_surfaces:probe_path:334 - Error probing /swagger: AsyncClient.__init__() got an unexpected keyword argument 'proxies'
2026-03-16 05:05:56.287 | DEBUG    | cyberAI.recon.sensitive_surfaces:probe_path:334 - Error probing /docs: AsyncClient.__init__() got an unexpected keyword argument 'proxies'
2026-03-16 05:05:56.488 | DEBUG    | cyberAI.recon.sensitive_surfaces:probe_path:334 - Error probing /health/live: AsyncClient.__init__() got an unexpected keyword argument 'proxies'
2026-03-16 05:05:56.488 | DEBUG    | cyberAI.recon.sensitive_surfaces:probe_path:334 - Error probing /prometheus: AsyncClient.__init__() got an unexpected keyword argument 'proxies'
2026-03-16 05:05:56.488 | DEBUG    | cyberAI.recon.sensitive_surfaces:probe_path:334 - Error probing /debug/: AsyncClient.__init__() got an unexpected keyword argument 'proxies'
2026-03-16 05:05:56.489 | DEBUG    | cyberAI.recon.sensitive_surfaces:probe_path:334 - Error probing /debug: AsyncClient.__init__() got an unexpected keyword argument 'proxies'
2026-03-16 05:05:56.489 | DEBUG    | cyberAI.recon.sensitive_surfaces:probe_path:334 - Error probing /health/ready: AsyncClient.__init__() got an unexpected keyword argument 'proxies'
2026-03-16 05:05:56.489 | DEBUG    | cyberAI.recon.sensitive_surfaces:probe_path:334 - Error probing /health: AsyncClient.__init__() got an unexpected keyword argument 'proxies'
2026-03-16 05:05:56.489 | DEBUG    | cyberAI.recon.sensitive_surfaces:probe_path:334 - Error probing /healthz: AsyncClient.__init__() got an unexpected keyword argument 'proxies'
2026-03-16 05:05:56.489 | DEBUG    | cyberAI.recon.sensitive_surfaces:probe_path:334 - Error probing /metrics: AsyncClient.__init__() got an unexpected keyword argument 'proxies'
2026-03-16 05:05:56.489 | DEBUG    | cyberAI.recon.sensitive_surfaces:probe_path:334 - Error probing /redoc: AsyncClient.__init__() got an unexpected keyword argument 'proxies'
2026-03-16 05:05:56.690 | DEBUG    | cyberAI.recon.sensitive_surfaces:probe_path:334 - Error probing /.well-known/: AsyncClient.__init__() got an unexpected keyword argument 'proxies'
2026-03-16 05:05:56.892 | DEBUG    | cyberAI.recon.sensitive_surfaces:probe_path:334 - Error probing /__admin/: AsyncClient.__init__() got an unexpected keyword argument 'proxies'
2026-03-16 05:05:56.892 | DEBUG    | cyberAI.recon.sensitive_surfaces:probe_path:334 - Error probing /__admin: AsyncClient.__init__() got an unexpected keyword argument 'proxies'
2026-03-16 05:05:56.892 | DEBUG    | cyberAI.recon.sensitive_surfaces:probe_path:334 - Error probing /staff: AsyncClient.__init__() got an unexpected keyword argument 'proxies'
2026-03-16 05:05:56.892 | DEBUG    | cyberAI.recon.sensitive_surfaces:probe_path:334 - Error probing /staff/: AsyncClient.__init__() got an unexpected keyword argument 'proxies'
2026-03-16 05:05:56.893 | DEBUG    | cyberAI.recon.sensitive_surfaces:probe_path:334 - Error probing /sitemap.xml: AsyncClient.__init__() got an unexpected keyword argument 'proxies'
2026-03-16 05:05:56.893 | DEBUG    | cyberAI.recon.sensitive_surfaces:probe_path:334 - Error probing /sitemap_index.xml: AsyncClient.__init__() got an unexpected keyword argument 'proxies'
2026-03-16 05:05:56.893 | DEBUG    | cyberAI.recon.sensitive_surfaces:probe_path:334 - Error probing /robots.txt: AsyncClient.__init__() got an unexpected keyword argument 'proxies'
2026-03-16 05:05:56.893 | DEBUG    | cyberAI.recon.sensitive_surfaces:probe_path:334 - Error probing /.well-known/openid-configuration: AsyncClient.__init__() got an unexpected keyword argument 'proxies'
2026-03-16 05:05:56.893 | DEBUG    | cyberAI.recon.sensitive_surfaces:probe_path:334 - Error probing /.well-known/security.txt: AsyncClient.__init__() got an unexpected keyword argument 'proxies'
2026-03-16 05:05:57.095 | DEBUG    | cyberAI.recon.sensitive_surfaces:probe_path:334 - Error probing /superuser: AsyncClient.__init__() got an unexpected keyword argument 'proxies'
2026-03-16 05:05:57.296 | DEBUG    | cyberAI.recon.sensitive_surfaces:probe_path:334 - Error probing /manage/: AsyncClient.__init__() got an unexpected keyword argument 'proxies'
2026-03-16 05:05:57.296 | DEBUG    | cyberAI.recon.sensitive_surfaces:probe_path:334 - Error probing /management: AsyncClient.__init__() got an unexpected keyword argument 'proxies'
2026-03-16 05:05:57.297 | DEBUG    | cyberAI.recon.sensitive_surfaces:probe_path:334 - Error probing /api/internal: AsyncClient.__init__() got an unexpected keyword argument 'proxies'
2026-03-16 05:05:57.297 | DEBUG    | cyberAI.recon.sensitive_surfaces:probe_path:334 - Error probing /manage: AsyncClient.__init__() got an unexpected keyword argument 'proxies'
2026-03-16 05:05:57.297 | DEBUG    | cyberAI.recon.sensitive_surfaces:probe_path:334 - Error probing /api/v1/admin: AsyncClient.__init__() got an unexpected keyword argument 'proxies'
2026-03-16 05:05:57.297 | DEBUG    | cyberAI.recon.sensitive_surfaces:probe_path:334 - Error probing /api/v2/admin: AsyncClient.__init__() got an unexpected keyword argument 'proxies'
2026-03-16 05:05:57.297 | DEBUG    | cyberAI.recon.sensitive_surfaces:probe_path:334 - Error probing /api/private: AsyncClient.__init__() got an unexpected keyword argument 'proxies'
2026-03-16 05:05:57.298 | DEBUG    | cyberAI.recon.sensitive_surfaces:probe_path:334 - Error probing /console/: AsyncClient.__init__() got an unexpected keyword argument 'proxies'
2026-03-16 05:05:57.298 | DEBUG    | cyberAI.recon.sensitive_surfaces:probe_path:334 - Error probing /console: AsyncClient.__init__() got an unexpected keyword argument 'proxies'
2026-03-16 05:05:57.499 | DEBUG    | cyberAI.recon.sensitive_surfaces:probe_path:334 - Error probing /.env: AsyncClient.__init__() got an unexpected keyword argument 'proxies'
2026-03-16 05:05:57.700 | DEBUG    | cyberAI.recon.sensitive_surfaces:probe_path:334 - Error probing /configuration: AsyncClient.__init__() got an unexpected keyword argument 'proxies'
2026-03-16 05:05:57.701 | DEBUG    | cyberAI.recon.sensitive_surfaces:probe_path:334 - Error probing /config: AsyncClient.__init__() got an unexpected keyword argument 'proxies'
2026-03-16 05:05:57.701 | DEBUG    | cyberAI.recon.sensitive_surfaces:probe_path:334 - Error probing /config/: AsyncClient.__init__() got an unexpected keyword argument 'proxies'
2026-03-16 05:05:57.701 | DEBUG    | cyberAI.recon.sensitive_surfaces:probe_path:334 - Error probing /settings: AsyncClient.__init__() got an unexpected keyword argument 'proxies'
2026-03-16 05:05:57.701 | DEBUG    | cyberAI.recon.sensitive_surfaces:probe_path:334 - Error probing /.git/HEAD: AsyncClient.__init__() got an unexpected keyword argument 'proxies'
2026-03-16 05:05:57.702 | DEBUG    | cyberAI.recon.sensitive_surfaces:probe_path:334 - Error probing /.gitignore: AsyncClient.__init__() got an unexpected keyword argument 'proxies'
2026-03-16 05:05:57.702 | DEBUG    | cyberAI.recon.sensitive_surfaces:probe_path:334 - Error probing /.htaccess: AsyncClient.__init__() got an unexpected keyword argument 'proxies'
2026-03-16 05:05:57.702 | DEBUG    | cyberAI.recon.sensitive_surfaces:probe_path:334 - Error probing /.git/config: AsyncClient.__init__() got an unexpected keyword argument 'proxies'
2026-03-16 05:05:57.702 | DEBUG    | cyberAI.recon.sensitive_surfaces:probe_path:334 - Error probing /.git: AsyncClient.__init__() got an unexpected keyword argument 'proxies'
2026-03-16 05:05:57.904 | DEBUG    | cyberAI.recon.sensitive_surfaces:probe_path:334 - Error probing /system: AsyncClient.__init__() got an unexpected keyword argument 'proxies'
2026-03-16 05:05:58.105 | DEBUG    | cyberAI.recon.sensitive_surfaces:probe_path:334 - Error probing /actuator/mappings: AsyncClient.__init__() got an unexpected keyword argument 'proxies'
2026-03-16 05:05:58.105 | DEBUG    | cyberAI.recon.sensitive_surfaces:probe_path:334 - Error probing /elmah.axd: AsyncClient.__init__() got an unexpected keyword argument 'proxies'
2026-03-16 05:05:58.105 | DEBUG    | cyberAI.recon.sensitive_surfaces:probe_path:334 - Error probing /actuator/beans: AsyncClient.__init__() got an unexpected keyword argument 'proxies'
2026-03-16 05:05:58.105 | DEBUG    | cyberAI.recon.sensitive_surfaces:probe_path:334 - Error probing /actuator/env: AsyncClient.__init__() got an unexpected keyword argument 'proxies'
2026-03-16 05:05:58.105 | DEBUG    | cyberAI.recon.sensitive_surfaces:probe_path:334 - Error probing /phpinfo.php: AsyncClient.__init__() got an unexpected keyword argument 'proxies'
2026-03-16 05:05:58.105 | DEBUG    | cyberAI.recon.sensitive_surfaces:probe_path:334 - Error probing /actuator/info: AsyncClient.__init__() got an unexpected keyword argument 'proxies'
2026-03-16 05:05:58.106 | DEBUG    | cyberAI.recon.sensitive_surfaces:probe_path:334 - Error probing /trace: AsyncClient.__init__() got an unexpected keyword argument 'proxies'
2026-03-16 05:05:58.106 | DEBUG    | cyberAI.recon.sensitive_surfaces:probe_path:334 - Error probing /actuator/health: AsyncClient.__init__() got an unexpected keyword argument 'proxies'
2026-03-16 05:05:58.106 | DEBUG    | cyberAI.recon.sensitive_surfaces:probe_path:334 - Error probing /actuator: AsyncClient.__init__() got an unexpected keyword argument 'proxies'
2026-03-16 05:05:58.327 | DEBUG    | cyberAI.recon.sensitive_surfaces:probe_path:334 - Error probing /info.php: AsyncClient.__init__() got an unexpected keyword argument 'proxies'
2026-03-16 05:05:58.523 | DEBUG    | cyberAI.recon.sensitive_surfaces:probe_path:334 - Error probing /staging: AsyncClient.__init__() got an unexpected keyword argument 'proxies'
2026-03-16 05:05:58.523 | DEBUG    | cyberAI.recon.sensitive_surfaces:probe_path:334 - Error probing /backups: AsyncClient.__init__() got an unexpected keyword argument 'proxies'
2026-03-16 05:05:58.523 | DEBUG    | cyberAI.recon.sensitive_surfaces:probe_path:334 - Error probing /development: AsyncClient.__init__() got an unexpected keyword argument 'proxies'
2026-03-16 05:05:58.524 | DEBUG    | cyberAI.recon.sensitive_surfaces:probe_path:334 - Error probing /backup: AsyncClient.__init__() got an unexpected keyword argument 'proxies'
2026-03-16 05:05:58.524 | DEBUG    | cyberAI.recon.sensitive_surfaces:probe_path:334 - Error probing /dump: AsyncClient.__init__() got an unexpected keyword argument 'proxies'
2026-03-16 05:05:58.524 | DEBUG    | cyberAI.recon.sensitive_surfaces:probe_path:334 - Error probing /testing: AsyncClient.__init__() got an unexpected keyword argument 'proxies'
2026-03-16 05:05:58.524 | DEBUG    | cyberAI.recon.sensitive_surfaces:probe_path:334 - Error probing /test/: AsyncClient.__init__() got an unexpected keyword argument 'proxies'
2026-03-16 05:05:58.524 | DEBUG    | cyberAI.recon.sensitive_surfaces:probe_path:334 - Error probing /dev: AsyncClient.__init__() got an unexpected keyword argument 'proxies'
2026-03-16 05:05:58.524 | DEBUG    | cyberAI.recon.sensitive_surfaces:probe_path:334 - Error probing /test: AsyncClient.__init__() got an unexpected keyword argument 'proxies'
2026-03-16 05:05:58.725 | DEBUG    | cyberAI.recon.sensitive_surfaces:probe_path:334 - Error probing /sql: AsyncClient.__init__() got an unexpected keyword argument 'proxies'
2026-03-16 05:05:58.926 | DEBUG    | cyberAI.recon.sensitive_surfaces:probe_path:334 - Error probing /server-info: AsyncClient.__init__() got an unexpected keyword argument 'proxies'
2026-03-16 05:05:58.928 | DEBUG    | cyberAI.recon.sensitive_surfaces:probe_path:334 - Error probing /_debug: AsyncClient.__init__() got an unexpected keyword argument 'proxies'
2026-03-16 05:05:58.928 | DEBUG    | cyberAI.recon.sensitive_surfaces:probe_path:334 - Error probing /server-status: AsyncClient.__init__() got an unexpected keyword argument 'proxies'
2026-03-16 05:05:58.928 | DEBUG    | cyberAI.recon.sensitive_surfaces:probe_path:334 - Error probing /adminer: AsyncClient.__init__() got an unexpected keyword argument 'proxies'
2026-03-16 05:05:58.928 | DEBUG    | cyberAI.recon.sensitive_surfaces:probe_path:334 - Error probing /status: AsyncClient.__init__() got an unexpected keyword argument 'proxies'
2026-03-16 05:05:58.929 | DEBUG    | cyberAI.recon.sensitive_surfaces:probe_path:334 - Error probing /pma: AsyncClient.__init__() got an unexpected keyword argument 'proxies'
2026-03-16 05:05:58.929 | DEBUG    | cyberAI.recon.sensitive_surfaces:probe_path:334 - Error probing /phpmyadmin: AsyncClient.__init__() got an unexpected keyword argument 'proxies'
2026-03-16 05:05:58.929 | DEBUG    | cyberAI.recon.sensitive_surfaces:probe_path:334 - Error probing /db: AsyncClient.__init__() got an unexpected keyword argument 'proxies'
2026-03-16 05:05:58.929 | DEBUG    | cyberAI.recon.sensitive_surfaces:probe_path:334 - Error probing /database: AsyncClient.__init__() got an unexpected keyword argument 'proxies'
2026-03-16 05:05:59.130 | DEBUG    | cyberAI.recon.sensitive_surfaces:probe_path:334 - Error probing /_profiler: AsyncClient.__init__() got an unexpected keyword argument 'proxies'
2026-03-16 05:05:59.332 | DEBUG    | cyberAI.recon.sensitive_surfaces:probe_path:334 - Error probing /api/info: AsyncClient.__init__() got an unexpected keyword argument 'proxies'
2026-03-16 05:05:59.332 | DEBUG    | cyberAI.recon.sensitive_surfaces:probe_path:334 - Error probing /version.txt: AsyncClient.__init__() got an unexpected keyword argument 'proxies'
2026-03-16 05:05:59.333 | DEBUG    | cyberAI.recon.sensitive_surfaces:probe_path:334 - Error probing /api/health: AsyncClient.__init__() got an unexpected keyword argument 'proxies'
2026-03-16 05:05:59.333 | DEBUG    | cyberAI.recon.sensitive_surfaces:probe_path:334 - Error probing /api/version: AsyncClient.__init__() got an unexpected keyword argument 'proxies'
2026-03-16 05:05:59.333 | DEBUG    | cyberAI.recon.sensitive_surfaces:probe_path:334 - Error probing /api/status: AsyncClient.__init__() got an unexpected keyword argument 'proxies'
2026-03-16 05:05:59.333 | DEBUG    | cyberAI.recon.sensitive_surfaces:probe_path:334 - Error probing /version: AsyncClient.__init__() got an unexpected keyword argument 'proxies'
2026-03-16 05:05:59.334 | DEBUG    | cyberAI.recon.sensitive_surfaces:probe_path:334 - Error probing /changelog: AsyncClient.__init__() got an unexpected keyword argument 'proxies'
2026-03-16 05:05:59.334 | DEBUG    | cyberAI.recon.sensitive_surfaces:probe_path:334 - Error probing /api/debug: AsyncClient.__init__() got an unexpected keyword argument 'proxies'
2026-03-16 05:05:59.334 | DEBUG    | cyberAI.recon.sensitive_surfaces:probe_path:334 - Error probing /profiler: AsyncClient.__init__() got an unexpected keyword argument 'proxies'
2026-03-16 05:05:59.536 | DEBUG    | cyberAI.recon.sensitive_surfaces:probe_path:334 - Error probing /CHANGELOG.md: AsyncClient.__init__() got an unexpected keyword argument 'proxies'
2026-03-16 05:05:59.737 | DEBUG    | cyberAI.recon.sensitive_surfaces:probe_path:334 - Error probing /requirements.txt: AsyncClient.__init__() got an unexpected keyword argument 'proxies'
2026-03-16 05:05:59.738 | DEBUG    | cyberAI.recon.sensitive_surfaces:probe_path:334 - Error probing /composer.json: AsyncClient.__init__() got an unexpected keyword argument 'proxies'
2026-03-16 05:05:59.738 | DEBUG    | cyberAI.recon.sensitive_surfaces:probe_path:334 - Error probing /package.json: AsyncClient.__init__() got an unexpected keyword argument 'proxies'
2026-03-16 05:05:59.738 | DEBUG    | cyberAI.recon.sensitive_surfaces:probe_path:334 - Error probing /.dockerenv: AsyncClient.__init__() got an unexpected keyword argument 'proxies'
2026-03-16 05:05:59.738 | DEBUG    | cyberAI.recon.sensitive_surfaces:probe_path:334 - Error probing /Gemfile: AsyncClient.__init__() got an unexpected keyword argument 'proxies'
2026-03-16 05:05:59.738 | DEBUG    | cyberAI.recon.sensitive_surfaces:probe_path:334 - Error probing /webpack.config.js: AsyncClient.__init__() got an unexpected keyword argument 'proxies'
2026-03-16 05:05:59.739 | DEBUG    | cyberAI.recon.sensitive_surfaces:probe_path:334 - Error probing /license: AsyncClient.__init__() got an unexpected keyword argument 'proxies'
2026-03-16 05:05:59.739 | DEBUG    | cyberAI.recon.sensitive_surfaces:probe_path:334 - Error probing /LICENSE: AsyncClient.__init__() got an unexpected keyword argument 'proxies'
2026-03-16 05:05:59.739 | DEBUG    | cyberAI.recon.sensitive_surfaces:probe_path:334 - Error probing /README.md: AsyncClient.__init__() got an unexpected keyword argument 'proxies'
2026-03-16 05:05:59.940 | DEBUG    | cyberAI.recon.sensitive_surfaces:probe_path:334 - Error probing /Dockerfile: AsyncClient.__init__() got an unexpected keyword argument 'proxies'
2026-03-16 05:06:00.142 | DEBUG    | cyberAI.recon.sensitive_surfaces:probe_path:334 - Error probing /oauth/authorize: AsyncClient.__init__() got an unexpected keyword argument 'proxies'
2026-03-16 05:06:00.143 | DEBUG    | cyberAI.recon.sensitive_surfaces:probe_path:334 - Error probing /oauth: AsyncClient.__init__() got an unexpected keyword argument 'proxies'
2026-03-16 05:06:00.143 | DEBUG    | cyberAI.recon.sensitive_surfaces:probe_path:334 - Error probing /callbacks: AsyncClient.__init__() got an unexpected keyword argument 'proxies'
2026-03-16 05:06:00.143 | DEBUG    | cyberAI.recon.sensitive_surfaces:probe_path:334 - Error probing /callback: AsyncClient.__init__() got an unexpected keyword argument 'proxies'
2026-03-16 05:06:00.143 | DEBUG    | cyberAI.recon.sensitive_surfaces:probe_path:334 - Error probing /oauth/token: AsyncClient.__init__() got an unexpected keyword argument 'proxies'
2026-03-16 05:06:00.143 | DEBUG    | cyberAI.recon.sensitive_surfaces:probe_path:334 - Error probing /oauth/: AsyncClient.__init__() got an unexpected keyword argument 'proxies'
2026-03-16 05:06:00.143 | DEBUG    | cyberAI.recon.sensitive_surfaces:probe_path:334 - Error probing /webhooks: AsyncClient.__init__() got an unexpected keyword argument 'proxies'
2026-03-16 05:06:00.143 | DEBUG    | cyberAI.recon.sensitive_surfaces:probe_path:334 - Error probing /api/webhooks: AsyncClient.__init__() got an unexpected keyword argument 'proxies'
2026-03-16 05:06:00.144 | DEBUG    | cyberAI.recon.sensitive_surfaces:probe_path:334 - Error probing /docker-compose.yml: AsyncClient.__init__() got an unexpected keyword argument 'proxies'
2026-03-16 05:06:00.345 | DEBUG    | cyberAI.recon.sensitive_surfaces:probe_path:334 - Error probing /.aws/credentials: AsyncClient.__init__() got an unexpected keyword argument 'proxies'
2026-03-16 05:06:00.545 | DEBUG    | cyberAI.recon.sensitive_surfaces:probe_path:334 - Error probing /restricted: AsyncClient.__init__() got an unexpected keyword argument 'proxies'
2026-03-16 05:06:00.546 | DEBUG    | cyberAI.recon.sensitive_surfaces:probe_path:334 - Error probing /confidential: AsyncClient.__init__() got an unexpected keyword argument 'proxies'
2026-03-16 05:06:00.546 | DEBUG    | cyberAI.recon.sensitive_surfaces:probe_path:334 - Error probing /private: AsyncClient.__init__() got an unexpected keyword argument 'proxies'
2026-03-16 05:06:00.546 | DEBUG    | cyberAI.recon.sensitive_surfaces:probe_path:334 - Error probing /secrets: AsyncClient.__init__() got an unexpected keyword argument 'proxies'
2026-03-16 05:06:00.546 | DEBUG    | cyberAI.recon.sensitive_surfaces:probe_path:334 - Error probing /credentials: AsyncClient.__init__() got an unexpected keyword argument 'proxies'
2026-03-16 05:06:00.546 | INFO     | cyberAI.recon.sensitive_surfaces:probe_all_paths:371 - Found 0 interesting surfaces
2026-03-16 05:06:00.548 | INFO     | cyberAI.recon.sensitive_surfaces:save_surfaces:422 - Saved 0 sensitive surfaces
2026-03-16 05:06:00.551 | DEBUG    | cyberAI.recon.graphql_discovery:detect_graphql_endpoint:155 - Error probing /graphql: AsyncClient.__init__() got an unexpected keyword argument 'proxies'
2026-03-16 05:06:00.752 | DEBUG    | cyberAI.recon.graphql_discovery:detect_graphql_endpoint:155 - Error probing /graphql/: AsyncClient.__init__() got an unexpected keyword argument 'proxies'
2026-03-16 05:06:00.954 | DEBUG    | cyberAI.recon.graphql_discovery:detect_graphql_endpoint:155 - Error probing /api/graphql: AsyncClient.__init__() got an unexpected keyword argument 'proxies'
2026-03-16 05:06:01.155 | DEBUG    | cyberAI.recon.graphql_discovery:detect_graphql_endpoint:155 - Error probing /api/graphql/: AsyncClient.__init__() got an unexpected keyword argument 'proxies'
2026-03-16 05:06:01.358 | DEBUG    | cyberAI.recon.graphql_discovery:detect_graphql_endpoint:155 - Error probing /v1/graphql: AsyncClient.__init__() got an unexpected keyword argument 'proxies'
2026-03-16 05:06:01.559 | DEBUG    | cyberAI.recon.graphql_discovery:detect_graphql_endpoint:155 - Error probing /query: AsyncClient.__init__() got an unexpected keyword argument 'proxies'
2026-03-16 05:06:01.760 | DEBUG    | cyberAI.recon.graphql_discovery:detect_graphql_endpoint:155 - Error probing /gql: AsyncClient.__init__() got an unexpected keyword argument 'proxies'
2026-03-16 05:06:01.760 | INFO     | cyberAI.recon.graphql_discovery:discover:399 - No GraphQL endpoint found
2026-03-16 05:06:01.762 | INFO     | cyberAI.recon.graphql_discovery:save_intel:463 - Saved GraphQL intelligence
2026-03-16 05:06:01.864 | DEBUG    | cyberAI.recon.websocket_discovery:detect_websocket_endpoints:91 - WebSocket probe failed for /ws: SSLCertVerificationError
2026-03-16 05:06:02.114 | DEBUG    | cyberAI.recon.websocket_discovery:detect_websocket_endpoints:91 - WebSocket probe failed for /ws/: SSLCertVerificationError
2026-03-16 05:06:03.345 | DEBUG    | cyberAI.recon.websocket_discovery:detect_websocket_endpoints:91 - WebSocket probe failed for /websocket: SSLCertVerificationError
2026-03-16 05:06:03.651 | DEBUG    | cyberAI.recon.websocket_discovery:detect_websocket_endpoints:91 - WebSocket probe failed for /socket: SSLCertVerificationError
2026-03-16 05:06:03.807 | DEBUG    | cyberAI.recon.websocket_discovery:detect_websocket_endpoints:91 - WebSocket probe failed for /socket.io/: SSLCertVerificationError
2026-03-16 05:06:03.865 | DEBUG    | cyberAI.recon.websocket_discovery:detect_websocket_endpoints:91 - WebSocket probe failed for /sockjs/: SSLCertVerificationError
2026-03-16 05:06:03.931 | DEBUG    | cyberAI.recon.websocket_discovery:detect_websocket_endpoints:91 - WebSocket probe failed for /cable: SSLCertVerificationError
2026-03-16 05:06:03.998 | DEBUG    | cyberAI.recon.websocket_discovery:detect_websocket_endpoints:91 - WebSocket probe failed for /realtime: SSLCertVerificationError
2026-03-16 05:06:04.058 | DEBUG    | cyberAI.recon.websocket_discovery:detect_websocket_endpoints:91 - WebSocket probe failed for /live: SSLCertVerificationError
2026-03-16 05:06:04.381 | DEBUG    | cyberAI.recon.websocket_discovery:detect_websocket_endpoints:91 - WebSocket probe failed for /events: SSLCertVerificationError
2026-03-16 05:06:04.529 | DEBUG    | cyberAI.recon.websocket_discovery:detect_websocket_endpoints:91 - WebSocket probe failed for /stream: SSLCertVerificationError
2026-03-16 05:06:04.841 | DEBUG    | cyberAI.recon.websocket_discovery:detect_websocket_endpoints:91 - WebSocket probe failed for /notifications: SSLCertVerificationError
2026-03-16 05:06:05.071 | DEBUG    | cyberAI.recon.websocket_discovery:detect_websocket_endpoints:91 - WebSocket probe failed for /api/ws: SSLCertVerificationError
2026-03-16 05:06:05.141 | DEBUG    | cyberAI.recon.websocket_discovery:detect_websocket_endpoints:91 - WebSocket probe failed for /api/websocket: SSLCertVerificationError
2026-03-16 05:06:05.142 | INFO     | cyberAI.recon.websocket_discovery:save_intel:342 - Saved WebSocket intelligence for 0 endpoints
2026-03-16 05:06:05.159 | INFO     | cyberAI.recon.intelligence_outputs:save_all_outputs:376 - Saved 4 intelligence output files
2026-03-16 05:06:05.318 | INFO     | cyberAI.utils.browser:close:101 - Browser pool closed
