2026-03-16 05:23:26.673 | INFO     | __main__:setup_logging:48 - Starting recon phase with run_id: 721d959a-e94d-4443-b0c1-3fe7181091bb
2026-03-16 05:23:28.397 | INFO     | cyberAI.utils.browser:initialize:82 - Browser pool initialized
2026-03-16 05:23:28.467 | DEBUG    | cyberAI.utils.browser:get_browser_context:170 - Created browser context for role: None
2026-03-16 05:23:28.468 | INFO     | cyberAI.recon.core_discovery:crawl:433 - Starting crawl from https://example.com (role: None)
2026-03-16 05:23:28.714 | INFO     | cyberAI.recon.core_discovery:crawl:464 - Crawling [0]: https://example.com
2026-03-16 05:23:30.729 | DEBUG    | cyberAI.utils.browser:take_screenshot:307 - Screenshot saved: outputs/recon/screenshots/home_0.png
2026-03-16 05:23:30.734 | DEBUG    | cyberAI.utils.browser:dump_dom:329 - DOM snapshot saved: outputs/recon/dom_snapshots/home_0.html
2026-03-16 05:23:30.952 | INFO     | cyberAI.recon.core_discovery:crawl:480 - Crawl complete. Discovered 1 routes.
2026-03-16 05:23:30.986 | INFO     | cyberAI.recon.core_discovery:save_routes:563 - Saved 1 routes to outputs/recon/intelligence/routes.json
2026-03-16 05:23:31.008 | INFO     | cyberAI.recon.network_intelligence:save_intelligence:420 - Saved 1 requests and 1 endpoints
2026-03-16 05:23:31.115 | INFO     | cyberAI.recon.frontend_parser:fetch_js_bundles:109 - Downloaded 0 JS bundles
2026-03-16 05:23:31.117 | INFO     | cyberAI.recon.frontend_parser:save_analysis:544 - Found 0 hidden routes
2026-03-16 05:23:31.119 | INFO     | cyberAI.recon.frontend_parser:save_analysis:557 - Saved frontend analysis with 0 routes, 0 API endpoints
2026-03-16 05:23:31.148 | DEBUG    | cyberAI.utils.browser:get_browser_context:170 - Created browser context for role: user
2026-03-16 05:23:33.652 | INFO     | cyberAI.recon.account_state:discover_states_for_role:231 - Detected states: []
2026-03-16 05:23:33.692 | INFO     | cyberAI.recon.account_state:discover_state:183 - Starting discovery for state: unverified
2026-03-16 05:23:33.713 | DEBUG    | cyberAI.utils.browser:get_browser_context:170 - Created browser context for role: user
2026-03-16 05:23:33.713 | INFO     | cyberAI.recon.core_discovery:crawl:433 - Starting crawl from https://example.com (role: user)
2026-03-16 05:23:33.729 | DEBUG    | cyberAI.utils.browser:get_browser_context:170 - Created browser context for role: user
2026-03-16 05:23:33.809 | INFO     | cyberAI.recon.core_discovery:crawl:464 - Crawling [0]: https://example.com
2026-03-16 05:23:35.618 | DEBUG    | cyberAI.utils.browser:take_screenshot:307 - Screenshot saved: outputs/recon/screenshots/home_0.png
2026-03-16 05:23:35.624 | DEBUG    | cyberAI.utils.browser:dump_dom:329 - DOM snapshot saved: outputs/recon/dom_snapshots/home_0.html
2026-03-16 05:23:35.851 | INFO     | cyberAI.recon.core_discovery:crawl:480 - Crawl complete. Discovered 1 routes.
2026-03-16 05:23:35.888 | INFO     | cyberAI.recon.account_state:discover_state:183 - Starting discovery for state: verified
2026-03-16 05:23:35.908 | DEBUG    | cyberAI.utils.browser:get_browser_context:170 - Created browser context for role: user
2026-03-16 05:23:35.908 | INFO     | cyberAI.recon.core_discovery:crawl:433 - Starting crawl from https://example.com (role: user)
2026-03-16 05:23:35.934 | DEBUG    | cyberAI.utils.browser:get_browser_context:170 - Created browser context for role: user
2026-03-16 05:23:35.991 | INFO     | cyberAI.recon.core_discovery:crawl:464 - Crawling [0]: https://example.com
2026-03-16 05:23:37.968 | DEBUG    | cyberAI.utils.browser:take_screenshot:307 - Screenshot saved: outputs/recon/screenshots/home_0.png
2026-03-16 05:23:37.974 | DEBUG    | cyberAI.utils.browser:dump_dom:329 - DOM snapshot saved: outputs/recon/dom_snapshots/home_0.html
2026-03-16 05:23:38.213 | INFO     | cyberAI.recon.core_discovery:crawl:480 - Crawl complete. Discovered 1 routes.
2026-03-16 05:23:38.246 | INFO     | cyberAI.recon.account_state:discover_state:183 - Starting discovery for state: trial
2026-03-16 05:23:38.266 | DEBUG    | cyberAI.utils.browser:get_browser_context:170 - Created browser context for role: user
2026-03-16 05:23:38.266 | INFO     | cyberAI.recon.core_discovery:crawl:433 - Starting crawl from https://example.com (role: user)
2026-03-16 05:23:38.288 | DEBUG    | cyberAI.utils.browser:get_browser_context:170 - Created browser context for role: user
2026-03-16 05:23:38.341 | INFO     | cyberAI.recon.core_discovery:crawl:464 - Crawling [0]: https://example.com
2026-03-16 05:23:40.505 | DEBUG    | cyberAI.utils.browser:take_screenshot:307 - Screenshot saved: outputs/recon/screenshots/home_0.png
2026-03-16 05:23:40.510 | DEBUG    | cyberAI.utils.browser:dump_dom:329 - DOM snapshot saved: outputs/recon/dom_snapshots/home_0.html
2026-03-16 05:23:40.729 | INFO     | cyberAI.recon.core_discovery:crawl:480 - Crawl complete. Discovered 1 routes.
2026-03-16 05:23:40.767 | INFO     | cyberAI.recon.account_state:discover_state:183 - Starting discovery for state: paid
2026-03-16 05:23:40.784 | DEBUG    | cyberAI.utils.browser:get_browser_context:170 - Created browser context for role: user
2026-03-16 05:23:40.784 | INFO     | cyberAI.recon.core_discovery:crawl:433 - Starting crawl from https://example.com (role: user)
2026-03-16 05:23:40.801 | DEBUG    | cyberAI.utils.browser:get_browser_context:170 - Created browser context for role: user
2026-03-16 05:23:40.859 | INFO     | cyberAI.recon.core_discovery:crawl:464 - Crawling [0]: https://example.com
2026-03-16 05:23:42.697 | DEBUG    | cyberAI.utils.browser:take_screenshot:307 - Screenshot saved: outputs/recon/screenshots/home_0.png
2026-03-16 05:23:42.705 | DEBUG    | cyberAI.utils.browser:dump_dom:329 - DOM snapshot saved: outputs/recon/dom_snapshots/home_0.html
2026-03-16 05:23:42.947 | INFO     | cyberAI.recon.core_discovery:crawl:480 - Crawl complete. Discovered 1 routes.
2026-03-16 05:23:42.984 | INFO     | cyberAI.recon.account_state:discover_state:183 - Starting discovery for state: free
2026-03-16 05:23:43.016 | DEBUG    | cyberAI.utils.browser:get_browser_context:170 - Created browser context for role: user
2026-03-16 05:23:43.016 | INFO     | cyberAI.recon.core_discovery:crawl:433 - Starting crawl from https://example.com (role: user)
2026-03-16 05:23:43.041 | DEBUG    | cyberAI.utils.browser:get_browser_context:170 - Created browser context for role: user
2026-03-16 05:23:43.105 | INFO     | cyberAI.recon.core_discovery:crawl:464 - Crawling [0]: https://example.com
2026-03-16 05:23:46.004 | DEBUG    | cyberAI.utils.browser:take_screenshot:307 - Screenshot saved: outputs/recon/screenshots/home_0.png
2026-03-16 05:23:46.022 | DEBUG    | cyberAI.utils.browser:dump_dom:329 - DOM snapshot saved: outputs/recon/dom_snapshots/home_0.html
2026-03-16 05:23:46.250 | INFO     | cyberAI.recon.core_discovery:crawl:480 - Crawl complete. Discovered 1 routes.
2026-03-16 05:23:46.310 | INFO     | cyberAI.recon.account_state:save_state_diff:302 - Saved state diff with 5 states analyzed
2026-03-16 05:23:46.310 | INFO     | cyberAI.recon.sensitive_surfaces:probe_all_paths:354 - Probing 136 sensitive paths...
2026-03-16 05:23:46.516 | DEBUG    | cyberAI.recon.sensitive_surfaces:probe_path:334 - Error probing /admin: AsyncClient.__init__() got an unexpected keyword argument 'proxies'
2026-03-16 05:23:46.717 | DEBUG    | cyberAI.recon.sensitive_surfaces:probe_path:334 - Error probing /exports: AsyncClient.__init__() got an unexpected keyword argument 'proxies'
2026-03-16 05:23:46.717 | DEBUG    | cyberAI.recon.sensitive_surfaces:probe_path:334 - Error probing /import: AsyncClient.__init__() got an unexpected keyword argument 'proxies'
2026-03-16 05:23:46.717 | DEBUG    | cyberAI.recon.sensitive_surfaces:probe_path:334 - Error probing /billing/: AsyncClient.__init__() got an unexpected keyword argument 'proxies'
2026-03-16 05:23:46.717 | DEBUG    | cyberAI.recon.sensitive_surfaces:probe_path:334 - Error probing /export: AsyncClient.__init__() got an unexpected keyword argument 'proxies'
2026-03-16 05:23:46.718 | DEBUG    | cyberAI.recon.sensitive_surfaces:probe_path:334 - Error probing /billing: AsyncClient.__init__() got an unexpected keyword argument 'proxies'
2026-03-16 05:23:46.718 | DEBUG    | cyberAI.recon.sensitive_surfaces:probe_path:334 - Error probing /internal: AsyncClient.__init__() got an unexpected keyword argument 'proxies'
2026-03-16 05:23:46.718 | DEBUG    | cyberAI.recon.sensitive_surfaces:probe_path:334 - Error probing /internal/: AsyncClient.__init__() got an unexpected keyword argument 'proxies'
2026-03-16 05:23:46.718 | DEBUG    | cyberAI.recon.sensitive_surfaces:probe_path:334 - Error probing /administrator: AsyncClient.__init__() got an unexpected keyword argument 'proxies'
2026-03-16 05:23:46.718 | DEBUG    | cyberAI.recon.sensitive_surfaces:probe_path:334 - Error probing /admin/: AsyncClient.__init__() got an unexpected keyword argument 'proxies'
2026-03-16 05:23:46.920 | DEBUG    | cyberAI.recon.sensitive_surfaces:probe_path:334 - Error probing /imports: AsyncClient.__init__() got an unexpected keyword argument 'proxies'
2026-03-16 05:23:47.137 | DEBUG    | cyberAI.recon.sensitive_surfaces:probe_path:334 - Error probing /audit/logs: AsyncClient.__init__() got an unexpected keyword argument 'proxies'
2026-03-16 05:23:47.142 | DEBUG    | cyberAI.recon.sensitive_surfaces:probe_path:334 - Error probing /graphql/: AsyncClient.__init__() got an unexpected keyword argument 'proxies'
2026-03-16 05:23:47.149 | DEBUG    | cyberAI.recon.sensitive_surfaces:probe_path:334 - Error probing /graphql/playground: AsyncClient.__init__() got an unexpected keyword argument 'proxies'
2026-03-16 05:23:47.149 | DEBUG    | cyberAI.recon.sensitive_surfaces:probe_path:334 - Error probing /audit-logs: AsyncClient.__init__() got an unexpected keyword argument 'proxies'
2026-03-16 05:23:47.149 | DEBUG    | cyberAI.recon.sensitive_surfaces:probe_path:334 - Error probing /graphql: AsyncClient.__init__() got an unexpected keyword argument 'proxies'
2026-03-16 05:23:47.149 | DEBUG    | cyberAI.recon.sensitive_surfaces:probe_path:334 - Error probing /audit: AsyncClient.__init__() got an unexpected keyword argument 'proxies'
2026-03-16 05:23:47.149 | DEBUG    | cyberAI.recon.sensitive_surfaces:probe_path:334 - Error probing /api/tokens: AsyncClient.__init__() got an unexpected keyword argument 'proxies'
2026-03-16 05:23:47.149 | DEBUG    | cyberAI.recon.sensitive_surfaces:probe_path:334 - Error probing /tokens: AsyncClient.__init__() got an unexpected keyword argument 'proxies'
2026-03-16 05:23:47.155 | DEBUG    | cyberAI.recon.sensitive_surfaces:probe_path:334 - Error probing /api-tokens: AsyncClient.__init__() got an unexpected keyword argument 'proxies'
2026-03-16 05:23:47.356 | DEBUG    | cyberAI.recon.sensitive_surfaces:probe_path:334 - Error probing /graphiql: AsyncClient.__init__() got an unexpected keyword argument 'proxies'
2026-03-16 05:23:47.557 | DEBUG    | cyberAI.recon.sensitive_surfaces:probe_path:334 - Error probing /api-docs: AsyncClient.__init__() got an unexpected keyword argument 'proxies'
2026-03-16 05:23:47.558 | DEBUG    | cyberAI.recon.sensitive_surfaces:probe_path:334 - Error probing /swagger-ui: AsyncClient.__init__() got an unexpected keyword argument 'proxies'
2026-03-16 05:23:47.558 | DEBUG    | cyberAI.recon.sensitive_surfaces:probe_path:334 - Error probing /swagger-ui.html: AsyncClient.__init__() got an unexpected keyword argument 'proxies'
2026-03-16 05:23:47.558 | DEBUG    | cyberAI.recon.sensitive_surfaces:probe_path:334 - Error probing /swagger-ui/: AsyncClient.__init__() got an unexpected keyword argument 'proxies'
2026-03-16 05:23:47.558 | DEBUG    | cyberAI.recon.sensitive_surfaces:probe_path:334 - Error probing /openapi.json: AsyncClient.__init__() got an unexpected keyword argument 'proxies'
2026-03-16 05:23:47.558 | DEBUG    | cyberAI.recon.sensitive_surfaces:probe_path:334 - Error probing /api/docs: AsyncClient.__init__() got an unexpected keyword argument 'proxies'
2026-03-16 05:23:47.558 | DEBUG    | cyberAI.recon.sensitive_surfaces:probe_path:334 - Error probing /openapi.yaml: AsyncClient.__init__() got an unexpected keyword argument 'proxies'
2026-03-16 05:23:47.558 | DEBUG    | cyberAI.recon.sensitive_surfaces:probe_path:334 - Error probing /swagger/: AsyncClient.__init__() got an unexpected keyword argument 'proxies'
2026-03-16 05:23:47.558 | DEBUG    | cyberAI.recon.sensitive_surfaces:probe_path:334 - Error probing /swagger: AsyncClient.__init__() got an unexpected keyword argument 'proxies'
2026-03-16 05:23:47.760 | DEBUG    | cyberAI.recon.sensitive_surfaces:probe_path:334 - Error probing /docs: AsyncClient.__init__() got an unexpected keyword argument 'proxies'
2026-03-16 05:23:47.961 | DEBUG    | cyberAI.recon.sensitive_surfaces:probe_path:334 - Error probing /debug: AsyncClient.__init__() got an unexpected keyword argument 'proxies'
2026-03-16 05:23:47.962 | DEBUG    | cyberAI.recon.sensitive_surfaces:probe_path:334 - Error probing /prometheus: AsyncClient.__init__() got an unexpected keyword argument 'proxies'
2026-03-16 05:23:47.962 | DEBUG    | cyberAI.recon.sensitive_surfaces:probe_path:334 - Error probing /metrics: AsyncClient.__init__() got an unexpected keyword argument 'proxies'
2026-03-16 05:23:47.962 | DEBUG    | cyberAI.recon.sensitive_surfaces:probe_path:334 - Error probing /health/ready: AsyncClient.__init__() got an unexpected keyword argument 'proxies'
2026-03-16 05:23:47.962 | DEBUG    | cyberAI.recon.sensitive_surfaces:probe_path:334 - Error probing /debug/: AsyncClient.__init__() got an unexpected keyword argument 'proxies'
2026-03-16 05:23:47.962 | DEBUG    | cyberAI.recon.sensitive_surfaces:probe_path:334 - Error probing /health/live: AsyncClient.__init__() got an unexpected keyword argument 'proxies'
2026-03-16 05:23:47.963 | DEBUG    | cyberAI.recon.sensitive_surfaces:probe_path:334 - Error probing /healthz: AsyncClient.__init__() got an unexpected keyword argument 'proxies'
2026-03-16 05:23:47.963 | DEBUG    | cyberAI.recon.sensitive_surfaces:probe_path:334 - Error probing /health: AsyncClient.__init__() got an unexpected keyword argument 'proxies'
2026-03-16 05:23:47.963 | DEBUG    | cyberAI.recon.sensitive_surfaces:probe_path:334 - Error probing /redoc: AsyncClient.__init__() got an unexpected keyword argument 'proxies'
2026-03-16 05:23:48.164 | DEBUG    | cyberAI.recon.sensitive_surfaces:probe_path:334 - Error probing /.well-known/: AsyncClient.__init__() got an unexpected keyword argument 'proxies'
2026-03-16 05:23:48.365 | DEBUG    | cyberAI.recon.sensitive_surfaces:probe_path:334 - Error probing /sitemap.xml: AsyncClient.__init__() got an unexpected keyword argument 'proxies'
2026-03-16 05:23:48.365 | DEBUG    | cyberAI.recon.sensitive_surfaces:probe_path:334 - Error probing /staff/: AsyncClient.__init__() got an unexpected keyword argument 'proxies'
2026-03-16 05:23:48.365 | DEBUG    | cyberAI.recon.sensitive_surfaces:probe_path:334 - Error probing /staff: AsyncClient.__init__() got an unexpected keyword argument 'proxies'
2026-03-16 05:23:48.366 | DEBUG    | cyberAI.recon.sensitive_surfaces:probe_path:334 - Error probing /__admin: AsyncClient.__init__() got an unexpected keyword argument 'proxies'
2026-03-16 05:23:48.366 | DEBUG    | cyberAI.recon.sensitive_surfaces:probe_path:334 - Error probing /sitemap_index.xml: AsyncClient.__init__() got an unexpected keyword argument 'proxies'
2026-03-16 05:23:48.366 | DEBUG    | cyberAI.recon.sensitive_surfaces:probe_path:334 - Error probing /__admin/: AsyncClient.__init__() got an unexpected keyword argument 'proxies'
2026-03-16 05:23:48.366 | DEBUG    | cyberAI.recon.sensitive_surfaces:probe_path:334 - Error probing /robots.txt: AsyncClient.__init__() got an unexpected keyword argument 'proxies'
2026-03-16 05:23:48.366 | DEBUG    | cyberAI.recon.sensitive_surfaces:probe_path:334 - Error probing /.well-known/openid-configuration: AsyncClient.__init__() got an unexpected keyword argument 'proxies'
2026-03-16 05:23:48.366 | DEBUG    | cyberAI.recon.sensitive_surfaces:probe_path:334 - Error probing /.well-known/security.txt: AsyncClient.__init__() got an unexpected keyword argument 'proxies'
2026-03-16 05:23:48.567 | DEBUG    | cyberAI.recon.sensitive_surfaces:probe_path:334 - Error probing /superuser: AsyncClient.__init__() got an unexpected keyword argument 'proxies'
2026-03-16 05:23:48.769 | DEBUG    | cyberAI.recon.sensitive_surfaces:probe_path:334 - Error probing /api/v1/admin: AsyncClient.__init__() got an unexpected keyword argument 'proxies'
2026-03-16 05:23:48.770 | DEBUG    | cyberAI.recon.sensitive_surfaces:probe_path:334 - Error probing /management: AsyncClient.__init__() got an unexpected keyword argument 'proxies'
2026-03-16 05:23:48.771 | DEBUG    | cyberAI.recon.sensitive_surfaces:probe_path:334 - Error probing /manage/: AsyncClient.__init__() got an unexpected keyword argument 'proxies'
2026-03-16 05:23:48.771 | DEBUG    | cyberAI.recon.sensitive_surfaces:probe_path:334 - Error probing /manage: AsyncClient.__init__() got an unexpected keyword argument 'proxies'
2026-03-16 05:23:48.771 | DEBUG    | cyberAI.recon.sensitive_surfaces:probe_path:334 - Error probing /api/internal: AsyncClient.__init__() got an unexpected keyword argument 'proxies'
2026-03-16 05:23:48.771 | DEBUG    | cyberAI.recon.sensitive_surfaces:probe_path:334 - Error probing /api/private: AsyncClient.__init__() got an unexpected keyword argument 'proxies'
2026-03-16 05:23:48.771 | DEBUG    | cyberAI.recon.sensitive_surfaces:probe_path:334 - Error probing /api/v2/admin: AsyncClient.__init__() got an unexpected keyword argument 'proxies'
2026-03-16 05:23:48.771 | DEBUG    | cyberAI.recon.sensitive_surfaces:probe_path:334 - Error probing /console/: AsyncClient.__init__() got an unexpected keyword argument 'proxies'
2026-03-16 05:23:48.771 | DEBUG    | cyberAI.recon.sensitive_surfaces:probe_path:334 - Error probing /console: AsyncClient.__init__() got an unexpected keyword argument 'proxies'
2026-03-16 05:23:48.973 | DEBUG    | cyberAI.recon.sensitive_surfaces:probe_path:334 - Error probing /.env: AsyncClient.__init__() got an unexpected keyword argument 'proxies'
2026-03-16 05:23:49.174 | DEBUG    | cyberAI.recon.sensitive_surfaces:probe_path:334 - Error probing /.htaccess: AsyncClient.__init__() got an unexpected keyword argument 'proxies'
2026-03-16 05:23:49.174 | DEBUG    | cyberAI.recon.sensitive_surfaces:probe_path:334 - Error probing /config/: AsyncClient.__init__() got an unexpected keyword argument 'proxies'
2026-03-16 05:23:49.174 | DEBUG    | cyberAI.recon.sensitive_surfaces:probe_path:334 - Error probing /.gitignore: AsyncClient.__init__() got an unexpected keyword argument 'proxies'
2026-03-16 05:23:49.174 | DEBUG    | cyberAI.recon.sensitive_surfaces:probe_path:334 - Error probing /configuration: AsyncClient.__init__() got an unexpected keyword argument 'proxies'
2026-03-16 05:23:49.174 | DEBUG    | cyberAI.recon.sensitive_surfaces:probe_path:334 - Error probing /config: AsyncClient.__init__() got an unexpected keyword argument 'proxies'
2026-03-16 05:23:49.174 | DEBUG    | cyberAI.recon.sensitive_surfaces:probe_path:334 - Error probing /settings: AsyncClient.__init__() got an unexpected keyword argument 'proxies'
2026-03-16 05:23:49.175 | DEBUG    | cyberAI.recon.sensitive_surfaces:probe_path:334 - Error probing /.git/HEAD: AsyncClient.__init__() got an unexpected keyword argument 'proxies'
2026-03-16 05:23:49.175 | DEBUG    | cyberAI.recon.sensitive_surfaces:probe_path:334 - Error probing /.git/config: AsyncClient.__init__() got an unexpected keyword argument 'proxies'
2026-03-16 05:23:49.175 | DEBUG    | cyberAI.recon.sensitive_surfaces:probe_path:334 - Error probing /.git: AsyncClient.__init__() got an unexpected keyword argument 'proxies'
2026-03-16 05:23:49.376 | DEBUG    | cyberAI.recon.sensitive_surfaces:probe_path:334 - Error probing /system: AsyncClient.__init__() got an unexpected keyword argument 'proxies'
2026-03-16 05:23:49.577 | DEBUG    | cyberAI.recon.sensitive_surfaces:probe_path:334 - Error probing /elmah.axd: AsyncClient.__init__() got an unexpected keyword argument 'proxies'
2026-03-16 05:23:49.578 | DEBUG    | cyberAI.recon.sensitive_surfaces:probe_path:334 - Error probing /actuator/mappings: AsyncClient.__init__() got an unexpected keyword argument 'proxies'
2026-03-16 05:23:49.578 | DEBUG    | cyberAI.recon.sensitive_surfaces:probe_path:334 - Error probing /phpinfo.php: AsyncClient.__init__() got an unexpected keyword argument 'proxies'
2026-03-16 05:23:49.578 | DEBUG    | cyberAI.recon.sensitive_surfaces:probe_path:334 - Error probing /trace: AsyncClient.__init__() got an unexpected keyword argument 'proxies'
2026-03-16 05:23:49.578 | DEBUG    | cyberAI.recon.sensitive_surfaces:probe_path:334 - Error probing /actuator/env: AsyncClient.__init__() got an unexpected keyword argument 'proxies'
2026-03-16 05:23:49.579 | DEBUG    | cyberAI.recon.sensitive_surfaces:probe_path:334 - Error probing /actuator/beans: AsyncClient.__init__() got an unexpected keyword argument 'proxies'
2026-03-16 05:23:49.579 | DEBUG    | cyberAI.recon.sensitive_surfaces:probe_path:334 - Error probing /actuator/info: AsyncClient.__init__() got an unexpected keyword argument 'proxies'
2026-03-16 05:23:49.579 | DEBUG    | cyberAI.recon.sensitive_surfaces:probe_path:334 - Error probing /actuator/health: AsyncClient.__init__() got an unexpected keyword argument 'proxies'
2026-03-16 05:23:49.579 | DEBUG    | cyberAI.recon.sensitive_surfaces:probe_path:334 - Error probing /actuator: AsyncClient.__init__() got an unexpected keyword argument 'proxies'
2026-03-16 05:23:49.793 | DEBUG    | cyberAI.recon.sensitive_surfaces:probe_path:334 - Error probing /info.php: AsyncClient.__init__() got an unexpected keyword argument 'proxies'
2026-03-16 05:23:49.992 | DEBUG    | cyberAI.recon.sensitive_surfaces:probe_path:334 - Error probing /backups: AsyncClient.__init__() got an unexpected keyword argument 'proxies'
2026-03-16 05:23:49.992 | DEBUG    | cyberAI.recon.sensitive_surfaces:probe_path:334 - Error probing /dump: AsyncClient.__init__() got an unexpected keyword argument 'proxies'
2026-03-16 05:23:49.992 | DEBUG    | cyberAI.recon.sensitive_surfaces:probe_path:334 - Error probing /dev: AsyncClient.__init__() got an unexpected keyword argument 'proxies'
2026-03-16 05:23:49.993 | DEBUG    | cyberAI.recon.sensitive_surfaces:probe_path:334 - Error probing /staging: AsyncClient.__init__() got an unexpected keyword argument 'proxies'
2026-03-16 05:23:49.993 | DEBUG    | cyberAI.recon.sensitive_surfaces:probe_path:334 - Error probing /testing: AsyncClient.__init__() got an unexpected keyword argument 'proxies'
2026-03-16 05:23:49.993 | DEBUG    | cyberAI.recon.sensitive_surfaces:probe_path:334 - Error probing /development: AsyncClient.__init__() got an unexpected keyword argument 'proxies'
2026-03-16 05:23:49.993 | DEBUG    | cyberAI.recon.sensitive_surfaces:probe_path:334 - Error probing /backup: AsyncClient.__init__() got an unexpected keyword argument 'proxies'
2026-03-16 05:23:49.993 | DEBUG    | cyberAI.recon.sensitive_surfaces:probe_path:334 - Error probing /test/: AsyncClient.__init__() got an unexpected keyword argument 'proxies'
2026-03-16 05:23:49.993 | DEBUG    | cyberAI.recon.sensitive_surfaces:probe_path:334 - Error probing /test: AsyncClient.__init__() got an unexpected keyword argument 'proxies'
2026-03-16 05:23:50.194 | DEBUG    | cyberAI.recon.sensitive_surfaces:probe_path:334 - Error probing /sql: AsyncClient.__init__() got an unexpected keyword argument 'proxies'
2026-03-16 05:23:50.395 | DEBUG    | cyberAI.recon.sensitive_surfaces:probe_path:334 - Error probing /adminer: AsyncClient.__init__() got an unexpected keyword argument 'proxies'
2026-03-16 05:23:50.396 | DEBUG    | cyberAI.recon.sensitive_surfaces:probe_path:334 - Error probing /server-status: AsyncClient.__init__() got an unexpected keyword argument 'proxies'
2026-03-16 05:23:50.396 | DEBUG    | cyberAI.recon.sensitive_surfaces:probe_path:334 - Error probing /_debug: AsyncClient.__init__() got an unexpected keyword argument 'proxies'
2026-03-16 05:23:50.396 | DEBUG    | cyberAI.recon.sensitive_surfaces:probe_path:334 - Error probing /status: AsyncClient.__init__() got an unexpected keyword argument 'proxies'
2026-03-16 05:23:50.396 | DEBUG    | cyberAI.recon.sensitive_surfaces:probe_path:334 - Error probing /pma: AsyncClient.__init__() got an unexpected keyword argument 'proxies'
2026-03-16 05:23:50.396 | DEBUG    | cyberAI.recon.sensitive_surfaces:probe_path:334 - Error probing /server-info: AsyncClient.__init__() got an unexpected keyword argument 'proxies'
2026-03-16 05:23:50.396 | DEBUG    | cyberAI.recon.sensitive_surfaces:probe_path:334 - Error probing /phpmyadmin: AsyncClient.__init__() got an unexpected keyword argument 'proxies'
2026-03-16 05:23:50.396 | DEBUG    | cyberAI.recon.sensitive_surfaces:probe_path:334 - Error probing /db: AsyncClient.__init__() got an unexpected keyword argument 'proxies'
2026-03-16 05:23:50.396 | DEBUG    | cyberAI.recon.sensitive_surfaces:probe_path:334 - Error probing /database: AsyncClient.__init__() got an unexpected keyword argument 'proxies'
2026-03-16 05:23:50.597 | DEBUG    | cyberAI.recon.sensitive_surfaces:probe_path:334 - Error probing /_profiler: AsyncClient.__init__() got an unexpected keyword argument 'proxies'
2026-03-16 05:23:50.799 | DEBUG    | cyberAI.recon.sensitive_surfaces:probe_path:334 - Error probing /version.txt: AsyncClient.__init__() got an unexpected keyword argument 'proxies'
2026-03-16 05:23:50.800 | DEBUG    | cyberAI.recon.sensitive_surfaces:probe_path:334 - Error probing /api/version: AsyncClient.__init__() got an unexpected keyword argument 'proxies'
2026-03-16 05:23:50.800 | DEBUG    | cyberAI.recon.sensitive_surfaces:probe_path:334 - Error probing /api/status: AsyncClient.__init__() got an unexpected keyword argument 'proxies'
2026-03-16 05:23:50.801 | DEBUG    | cyberAI.recon.sensitive_surfaces:probe_path:334 - Error probing /api/info: AsyncClient.__init__() got an unexpected keyword argument 'proxies'
2026-03-16 05:23:50.801 | DEBUG    | cyberAI.recon.sensitive_surfaces:probe_path:334 - Error probing /changelog: AsyncClient.__init__() got an unexpected keyword argument 'proxies'
2026-03-16 05:23:50.801 | DEBUG    | cyberAI.recon.sensitive_surfaces:probe_path:334 - Error probing /api/health: AsyncClient.__init__() got an unexpected keyword argument 'proxies'
2026-03-16 05:23:50.802 | DEBUG    | cyberAI.recon.sensitive_surfaces:probe_path:334 - Error probing /version: AsyncClient.__init__() got an unexpected keyword argument 'proxies'
2026-03-16 05:23:50.802 | DEBUG    | cyberAI.recon.sensitive_surfaces:probe_path:334 - Error probing /api/debug: AsyncClient.__init__() got an unexpected keyword argument 'proxies'
2026-03-16 05:23:50.802 | DEBUG    | cyberAI.recon.sensitive_surfaces:probe_path:334 - Error probing /profiler: AsyncClient.__init__() got an unexpected keyword argument 'proxies'
2026-03-16 05:23:51.005 | DEBUG    | cyberAI.recon.sensitive_surfaces:probe_path:334 - Error probing /CHANGELOG.md: AsyncClient.__init__() got an unexpected keyword argument 'proxies'
2026-03-16 05:23:51.207 | DEBUG    | cyberAI.recon.sensitive_surfaces:probe_path:334 - Error probing /requirements.txt: AsyncClient.__init__() got an unexpected keyword argument 'proxies'
2026-03-16 05:23:51.208 | DEBUG    | cyberAI.recon.sensitive_surfaces:probe_path:334 - Error probing /Gemfile: AsyncClient.__init__() got an unexpected keyword argument 'proxies'
2026-03-16 05:23:51.208 | DEBUG    | cyberAI.recon.sensitive_surfaces:probe_path:334 - Error probing /.dockerenv: AsyncClient.__init__() got an unexpected keyword argument 'proxies'
2026-03-16 05:23:51.208 | DEBUG    | cyberAI.recon.sensitive_surfaces:probe_path:334 - Error probing /composer.json: AsyncClient.__init__() got an unexpected keyword argument 'proxies'
2026-03-16 05:23:51.208 | DEBUG    | cyberAI.recon.sensitive_surfaces:probe_path:334 - Error probing /webpack.config.js: AsyncClient.__init__() got an unexpected keyword argument 'proxies'
2026-03-16 05:23:51.209 | DEBUG    | cyberAI.recon.sensitive_surfaces:probe_path:334 - Error probing /LICENSE: AsyncClient.__init__() got an unexpected keyword argument 'proxies'
2026-03-16 05:23:51.209 | DEBUG    | cyberAI.recon.sensitive_surfaces:probe_path:334 - Error probing /package.json: AsyncClient.__init__() got an unexpected keyword argument 'proxies'
2026-03-16 05:23:51.209 | DEBUG    | cyberAI.recon.sensitive_surfaces:probe_path:334 - Error probing /license: AsyncClient.__init__() got an unexpected keyword argument 'proxies'
2026-03-16 05:23:51.209 | DEBUG    | cyberAI.recon.sensitive_surfaces:probe_path:334 - Error probing /README.md: AsyncClient.__init__() got an unexpected keyword argument 'proxies'
2026-03-16 05:23:51.410 | DEBUG    | cyberAI.recon.sensitive_surfaces:probe_path:334 - Error probing /Dockerfile: AsyncClient.__init__() got an unexpected keyword argument 'proxies'
2026-03-16 05:23:51.611 | DEBUG    | cyberAI.recon.sensitive_surfaces:probe_path:334 - Error probing /oauth/authorize: AsyncClient.__init__() got an unexpected keyword argument 'proxies'
2026-03-16 05:23:51.612 | DEBUG    | cyberAI.recon.sensitive_surfaces:probe_path:334 - Error probing /oauth/token: AsyncClient.__init__() got an unexpected keyword argument 'proxies'
2026-03-16 05:23:51.612 | DEBUG    | cyberAI.recon.sensitive_surfaces:probe_path:334 - Error probing /oauth/: AsyncClient.__init__() got an unexpected keyword argument 'proxies'
2026-03-16 05:23:51.612 | DEBUG    | cyberAI.recon.sensitive_surfaces:probe_path:334 - Error probing /oauth: AsyncClient.__init__() got an unexpected keyword argument 'proxies'
2026-03-16 05:23:51.612 | DEBUG    | cyberAI.recon.sensitive_surfaces:probe_path:334 - Error probing /callbacks: AsyncClient.__init__() got an unexpected keyword argument 'proxies'
2026-03-16 05:23:51.613 | DEBUG    | cyberAI.recon.sensitive_surfaces:probe_path:334 - Error probing /callback: AsyncClient.__init__() got an unexpected keyword argument 'proxies'
2026-03-16 05:23:51.613 | DEBUG    | cyberAI.recon.sensitive_surfaces:probe_path:334 - Error probing /webhooks: AsyncClient.__init__() got an unexpected keyword argument 'proxies'
2026-03-16 05:23:51.613 | DEBUG    | cyberAI.recon.sensitive_surfaces:probe_path:334 - Error probing /docker-compose.yml: AsyncClient.__init__() got an unexpected keyword argument 'proxies'
2026-03-16 05:23:51.613 | DEBUG    | cyberAI.recon.sensitive_surfaces:probe_path:334 - Error probing /api/webhooks: AsyncClient.__init__() got an unexpected keyword argument 'proxies'
2026-03-16 05:23:51.816 | DEBUG    | cyberAI.recon.sensitive_surfaces:probe_path:334 - Error probing /.aws/credentials: AsyncClient.__init__() got an unexpected keyword argument 'proxies'
2026-03-16 05:23:52.017 | DEBUG    | cyberAI.recon.sensitive_surfaces:probe_path:334 - Error probing /confidential: AsyncClient.__init__() got an unexpected keyword argument 'proxies'
2026-03-16 05:23:52.017 | DEBUG    | cyberAI.recon.sensitive_surfaces:probe_path:334 - Error probing /restricted: AsyncClient.__init__() got an unexpected keyword argument 'proxies'
2026-03-16 05:23:52.017 | DEBUG    | cyberAI.recon.sensitive_surfaces:probe_path:334 - Error probing /private: AsyncClient.__init__() got an unexpected keyword argument 'proxies'
2026-03-16 05:23:52.017 | DEBUG    | cyberAI.recon.sensitive_surfaces:probe_path:334 - Error probing /secrets: AsyncClient.__init__() got an unexpected keyword argument 'proxies'
2026-03-16 05:23:52.018 | DEBUG    | cyberAI.recon.sensitive_surfaces:probe_path:334 - Error probing /credentials: AsyncClient.__init__() got an unexpected keyword argument 'proxies'
2026-03-16 05:23:52.018 | INFO     | cyberAI.recon.sensitive_surfaces:probe_all_paths:371 - Found 0 interesting surfaces
2026-03-16 05:23:52.020 | INFO     | cyberAI.recon.sensitive_surfaces:save_surfaces:422 - Saved 0 sensitive surfaces
2026-03-16 05:23:52.023 | DEBUG    | cyberAI.recon.graphql_discovery:detect_graphql_endpoint:155 - Error probing /graphql: AsyncClient.__init__() got an unexpected keyword argument 'proxies'
2026-03-16 05:23:52.224 | DEBUG    | cyberAI.recon.graphql_discovery:detect_graphql_endpoint:155 - Error probing /graphql/: AsyncClient.__init__() got an unexpected keyword argument 'proxies'
2026-03-16 05:23:52.425 | DEBUG    | cyberAI.recon.graphql_discovery:detect_graphql_endpoint:155 - Error probing /api/graphql: AsyncClient.__init__() got an unexpected keyword argument 'proxies'
2026-03-16 05:23:52.626 | DEBUG    | cyberAI.recon.graphql_discovery:detect_graphql_endpoint:155 - Error probing /api/graphql/: AsyncClient.__init__() got an unexpected keyword argument 'proxies'
2026-03-16 05:23:52.827 | DEBUG    | cyberAI.recon.graphql_discovery:detect_graphql_endpoint:155 - Error probing /v1/graphql: AsyncClient.__init__() got an unexpected keyword argument 'proxies'
2026-03-16 05:23:53.028 | DEBUG    | cyberAI.recon.graphql_discovery:detect_graphql_endpoint:155 - Error probing /query: AsyncClient.__init__() got an unexpected keyword argument 'proxies'
2026-03-16 05:23:53.229 | DEBUG    | cyberAI.recon.graphql_discovery:detect_graphql_endpoint:155 - Error probing /gql: AsyncClient.__init__() got an unexpected keyword argument 'proxies'
2026-03-16 05:23:53.229 | INFO     | cyberAI.recon.graphql_discovery:discover:399 - No GraphQL endpoint found
2026-03-16 05:23:53.231 | INFO     | cyberAI.recon.graphql_discovery:save_intel:463 - Saved GraphQL intelligence
2026-03-16 05:23:53.468 | DEBUG    | cyberAI.recon.websocket_discovery:detect_websocket_endpoints:91 - WebSocket probe failed for /ws: SSLCertVerificationError
2026-03-16 05:23:53.530 | DEBUG    | cyberAI.recon.websocket_discovery:detect_websocket_endpoints:91 - WebSocket probe failed for /ws/: SSLCertVerificationError
2026-03-16 05:23:54.605 | DEBUG    | cyberAI.recon.websocket_discovery:detect_websocket_endpoints:91 - WebSocket probe failed for /websocket: SSLCertVerificationError
2026-03-16 05:23:54.674 | DEBUG    | cyberAI.recon.websocket_discovery:detect_websocket_endpoints:91 - WebSocket probe failed for /socket: SSLCertVerificationError
2026-03-16 05:23:54.735 | DEBUG    | cyberAI.recon.websocket_discovery:detect_websocket_endpoints:91 - WebSocket probe failed for /socket.io/: SSLCertVerificationError
2026-03-16 05:23:54.987 | DEBUG    | cyberAI.recon.websocket_discovery:detect_websocket_endpoints:91 - WebSocket probe failed for /sockjs/: SSLCertVerificationError
2026-03-16 05:23:55.218 | DEBUG    | cyberAI.recon.websocket_discovery:detect_websocket_endpoints:91 - WebSocket probe failed for /cable: SSLCertVerificationError
2026-03-16 05:23:55.534 | DEBUG    | cyberAI.recon.websocket_discovery:detect_websocket_endpoints:91 - WebSocket probe failed for /realtime: SSLCertVerificationError
2026-03-16 05:23:55.603 | DEBUG    | cyberAI.recon.websocket_discovery:detect_websocket_endpoints:91 - WebSocket probe failed for /live: SSLCertVerificationError
2026-03-16 05:23:56.107 | DEBUG    | cyberAI.recon.websocket_discovery:detect_websocket_endpoints:91 - WebSocket probe failed for /events: SSLCertVerificationError
2026-03-16 05:23:56.692 | DEBUG    | cyberAI.recon.websocket_discovery:detect_websocket_endpoints:91 - WebSocket probe failed for /stream: SSLCertVerificationError
2026-03-16 05:23:56.759 | DEBUG    | cyberAI.recon.websocket_discovery:detect_websocket_endpoints:91 - WebSocket probe failed for /notifications: SSLCertVerificationError
2026-03-16 05:23:57.034 | DEBUG    | cyberAI.recon.websocket_discovery:detect_websocket_endpoints:91 - WebSocket probe failed for /api/ws: SSLCertVerificationError
2026-03-16 05:23:57.108 | DEBUG    | cyberAI.recon.websocket_discovery:detect_websocket_endpoints:91 - WebSocket probe failed for /api/websocket: SSLCertVerificationError
2026-03-16 05:23:57.113 | INFO     | cyberAI.recon.websocket_discovery:save_intel:342 - Saved WebSocket intelligence for 0 endpoints
2026-03-16 05:23:57.116 | INFO     | cyberAI.recon.async_flow_discovery:save_flows:354 - Saved 0 async flows
2026-03-16 05:23:57.117 | INFO     | cyberAI.recon.object_model:save_object_graph:406 - Saved 0 object models
2026-03-16 05:23:57.200 | INFO     | cyberAI.recon.permission_inference:save_matrix:298 - Saved permission matrix with 0 entries
2026-03-16 05:23:57.201 | INFO     | cyberAI.recon.workflow_mapper:save_workflows:360 - Saved 0 workflows
2026-03-16 05:23:57.202 | INFO     | cyberAI.recon.input_schema:save_schemas:340 - Saved 0 input schemas
2026-03-16 05:23:57.204 | INFO     | cyberAI.recon.security_controls:save_report:360 - Saved security controls report
2026-03-16 05:23:57.229 | INFO     | cyberAI.recon.intelligence_outputs:save_all_outputs:376 - Saved 4 intelligence output files
2026-03-16 05:23:57.313 | INFO     | cyberAI.utils.browser:close:101 - Browser pool closed
